{
  "stats": {
    "suites": 1,
    "tests": 4,
    "passes": 4,
    "pending": 0,
    "failures": 0,
    "start": "2022-12-02T03:13:29.355Z",
    "end": "2022-12-02T03:13:41.216Z",
    "duration": 11861,
    "testsRegistered": 4,
    "passPercent": 100,
    "pendingPercent": 0,
    "other": 0,
    "hasOther": false,
    "skipped": 0,
    "hasSkipped": false
  },
  "results": [
    {
      "uuid": "bf7460b6-acd0-4c45-9c54-37a241e99dd9",
      "title": "",
      "fullFile": "cypress\\e2e\\test\\datadriven.cy.js",
      "file": "cypress\\e2e\\test\\datadriven.cy.js",
      "beforeHooks": [],
      "afterHooks": [],
      "tests": [],
      "suites": [
        {
          "uuid": "e99554bd-ebd8-40e9-a3c3-758691ea5641",
          "title": "Log In",
          "fullFile": "",
          "file": "",
          "beforeHooks": [],
          "afterHooks": [],
          "tests": [
            {
              "title": "Login with a valid user",
              "fullTitle": "Log In Login with a valid user",
              "timedOut": null,
              "duration": 2877,
              "state": "passed",
              "speed": "fast",
              "pass": true,
              "fail": false,
              "pending": false,
              "context": null,
              "code": "// Enter username & password then click the login button\ncy.get('#user-name').type(_users.default.valid.username);\ncy.get('#password').type(_users.default.valid.password);\ncy.get('#login-button').click();",
              "err": {},
              "uuid": "3ddd9913-8ed3-4cab-a4de-fb294bcc841e",
              "parentUUID": "e99554bd-ebd8-40e9-a3c3-758691ea5641",
              "isHook": false,
              "skipped": false
            },
            {
              "title": "Login with a locked out user",
              "fullTitle": "Log In Login with a locked out user",
              "timedOut": null,
              "duration": 1250,
              "state": "passed",
              "speed": "fast",
              "pass": true,
              "fail": false,
              "pending": false,
              "context": null,
              "code": "// Enter username & password then click the login button\ncy.get('#user-name').type(_users.default.lockedOutUser.username);\ncy.get('#password').type(_users.default.lockedOutUser.password);\ncy.get('#login-button').click();\ncy.get(' h3[data-test=\"error\"]');",
              "err": {},
              "uuid": "2581a883-88c6-41aa-bc56-5250d2802fb9",
              "parentUUID": "e99554bd-ebd8-40e9-a3c3-758691ea5641",
              "isHook": false,
              "skipped": false
            },
            {
              "title": "Login with a problem user",
              "fullTitle": "Log In Login with a problem user",
              "timedOut": null,
              "duration": 1173,
              "state": "passed",
              "speed": "fast",
              "pass": true,
              "fail": false,
              "pending": false,
              "context": null,
              "code": "// Enter username & password then click the login button\ncy.get('#user-name').type(_users.default.problemUser.username);\ncy.get('#password').type(_users.default.problemUser.password);\ncy.get('#login-button').click();",
              "err": {},
              "uuid": "d884d6ec-3964-4cc9-ae11-a02809acb148",
              "parentUUID": "e99554bd-ebd8-40e9-a3c3-758691ea5641",
              "isHook": false,
              "skipped": false
            },
            {
              "title": "Login with a performance glitch user",
              "fullTitle": "Log In Login with a performance glitch user",
              "timedOut": null,
              "duration": 6358,
              "state": "passed",
              "speed": "medium",
              "pass": true,
              "fail": false,
              "pending": false,
              "context": null,
              "code": "// Enter username & password then click the login button\ncy.get('#user-name').type(_users.default.performanceGlitchUSer.username);\ncy.get('#password').type(_users.default.performanceGlitchUSer.password);\ncy.get('#login-button').click();",
              "err": {},
              "uuid": "456d5f8b-8218-495e-8667-314f0e9ba5b2",
              "parentUUID": "e99554bd-ebd8-40e9-a3c3-758691ea5641",
              "isHook": false,
              "skipped": false
            }
          ],
          "suites": [],
          "passes": [
            "3ddd9913-8ed3-4cab-a4de-fb294bcc841e",
            "2581a883-88c6-41aa-bc56-5250d2802fb9",
            "d884d6ec-3964-4cc9-ae11-a02809acb148",
            "456d5f8b-8218-495e-8667-314f0e9ba5b2"
          ],
          "failures": [],
          "pending": [],
          "skipped": [],
          "duration": 11658,
          "root": false,
          "rootEmpty": false,
          "_timeout": 2000
        }
      ],
      "passes": [],
      "failures": [],
      "pending": [],
      "skipped": [],
      "duration": 0,
      "root": true,
      "rootEmpty": true,
      "_timeout": 2000
    }
  ],
  "meta": {
    "mocha": {
      "version": "7.0.1"
    },
    "mochawesome": {
      "options": {
        "quiet": false,
        "reportFilename": "mochawesome",
        "saveHtml": false,
        "saveJson": true,
        "consoleReporter": "spec",
        "useInlineDiffs": false,
        "code": true
      },
      "version": "7.1.3"
    },
    "marge": {
      "options": {
        "reportDir": "cypress/reports",
        "overwrite": false,
        "html": false,
        "json": true
      },
      "version": "6.2.0"
    }
  }
}