{
  "stats": {
    "suites": 1,
    "tests": 4,
    "passes": 4,
    "pending": 0,
    "failures": 0,
    "start": "2022-12-02T02:24:24.703Z",
    "end": "2022-12-02T02:24:34.321Z",
    "duration": 9618,
    "testsRegistered": 4,
    "passPercent": 100,
    "pendingPercent": 0,
    "other": 0,
    "hasOther": false,
    "skipped": 0,
    "hasSkipped": false
  },
  "results": [
    {
      "uuid": "69d1a22e-f9a8-493a-ab9f-b2b95c34d265",
      "title": "",
      "fullFile": "cypress\\e2e\\test\\datadriven.cy.js",
      "file": "cypress\\e2e\\test\\datadriven.cy.js",
      "beforeHooks": [],
      "afterHooks": [],
      "tests": [],
      "suites": [
        {
          "uuid": "820874f2-631b-48dd-8e54-4c1fa923670e",
          "title": "Log In",
          "fullFile": "",
          "file": "",
          "beforeHooks": [],
          "afterHooks": [],
          "tests": [
            {
              "title": "Login with a valid user",
              "fullTitle": "Log In Login with a valid user",
              "timedOut": null,
              "duration": 1160,
              "state": "passed",
              "speed": "fast",
              "pass": true,
              "fail": false,
              "pending": false,
              "context": null,
              "code": "// Enter username & password then click the login button\ncy.get('#user-name').type(_users.default.valid.username);\ncy.get('#password').type(_users.default.valid.password);\ncy.get('#login-button').click();",
              "err": {},
              "uuid": "d3e00447-55af-4537-a44b-9b8ae0770480",
              "parentUUID": "820874f2-631b-48dd-8e54-4c1fa923670e",
              "isHook": false,
              "skipped": false
            },
            {
              "title": "Login with a locked out user",
              "fullTitle": "Log In Login with a locked out user",
              "timedOut": null,
              "duration": 1173,
              "state": "passed",
              "speed": "fast",
              "pass": true,
              "fail": false,
              "pending": false,
              "context": null,
              "code": "// Enter username & password then click the login button\ncy.get('#user-name').type(_users.default.lockedOutUser.username);\ncy.get('#password').type(_users.default.lockedOutUser.password);\ncy.get('#login-button').click();\ncy.get(' h3[data-test=\"error\"]');",
              "err": {},
              "uuid": "a1161116-e824-4932-a675-c69dc8f2b93f",
              "parentUUID": "820874f2-631b-48dd-8e54-4c1fa923670e",
              "isHook": false,
              "skipped": false
            },
            {
              "title": "Login with a problem user",
              "fullTitle": "Log In Login with a problem user",
              "timedOut": null,
              "duration": 968,
              "state": "passed",
              "speed": "fast",
              "pass": true,
              "fail": false,
              "pending": false,
              "context": null,
              "code": "// Enter username & password then click the login button\ncy.get('#user-name').type(_users.default.problemUser.username);\ncy.get('#password').type(_users.default.problemUser.password);\ncy.get('#login-button').click();",
              "err": {},
              "uuid": "9f1076fa-cabf-4ac4-b489-873977592ea4",
              "parentUUID": "820874f2-631b-48dd-8e54-4c1fa923670e",
              "isHook": false,
              "skipped": false
            },
            {
              "title": "Login with a performance glitch user",
              "fullTitle": "Log In Login with a performance glitch user",
              "timedOut": null,
              "duration": 6203,
              "state": "passed",
              "speed": "medium",
              "pass": true,
              "fail": false,
              "pending": false,
              "context": null,
              "code": "// Enter username & password then click the login button\ncy.get('#user-name').type(_users.default.performanceGlitchUSer.username);\ncy.get('#password').type(_users.default.performanceGlitchUSer.password);\ncy.get('#login-button').click();",
              "err": {},
              "uuid": "b0cb3be5-1052-43a2-92c4-4f8fe98e10bb",
              "parentUUID": "820874f2-631b-48dd-8e54-4c1fa923670e",
              "isHook": false,
              "skipped": false
            }
          ],
          "suites": [],
          "passes": [
            "d3e00447-55af-4537-a44b-9b8ae0770480",
            "a1161116-e824-4932-a675-c69dc8f2b93f",
            "9f1076fa-cabf-4ac4-b489-873977592ea4",
            "b0cb3be5-1052-43a2-92c4-4f8fe98e10bb"
          ],
          "failures": [],
          "pending": [],
          "skipped": [],
          "duration": 9504,
          "root": false,
          "rootEmpty": false,
          "_timeout": 2000
        }
      ],
      "passes": [],
      "failures": [],
      "pending": [],
      "skipped": [],
      "duration": 0,
      "root": true,
      "rootEmpty": true,
      "_timeout": 2000
    }
  ],
  "meta": {
    "mocha": {
      "version": "7.0.1"
    },
    "mochawesome": {
      "options": {
        "quiet": false,
        "reportFilename": "mochawesome",
        "saveHtml": false,
        "saveJson": true,
        "consoleReporter": "spec",
        "useInlineDiffs": false,
        "code": true
      },
      "version": "7.1.3"
    },
    "marge": {
      "options": {
        "reportDir": "cypress/reports",
        "overwrite": false,
        "html": false,
        "json": true
      },
      "version": "6.2.0"
    }
  }
}