{
  "stats": {
    "suites": 1,
    "tests": 2,
    "passes": 2,
    "pending": 0,
    "failures": 0,
    "start": "2022-12-03T04:10:40.483Z",
    "end": "2022-12-03T04:10:44.979Z",
    "duration": 4496,
    "testsRegistered": 2,
    "passPercent": 100,
    "pendingPercent": 0,
    "other": 0,
    "hasOther": false,
    "skipped": 0,
    "hasSkipped": false
  },
  "results": [
    {
      "uuid": "9b7ad8cd-5942-4fd8-93ed-fa44ae4154a5",
      "title": "",
      "fullFile": "cypress\\e2e\\test\\remove.cy.js",
      "file": "cypress\\e2e\\test\\remove.cy.js",
      "beforeHooks": [],
      "afterHooks": [],
      "tests": [],
      "suites": [
        {
          "uuid": "009d6abb-c968-410f-a11b-032d7e1e1271",
          "title": "Remove Items from Cart and Product Page",
          "fullFile": "",
          "file": "",
          "beforeHooks": [],
          "afterHooks": [],
          "tests": [
            {
              "title": "Remove item from Product page",
              "fullTitle": "Remove Items from Cart and Product Page Remove item from Product page",
              "timedOut": null,
              "duration": 2240,
              "state": "passed",
              "speed": "fast",
              "pass": true,
              "fail": false,
              "pending": false,
              "context": null,
              "code": "// login with valid user\ncy.get('#user-name').type('standard_user');\ncy.get('#password').type('secret_sauce');\ncy.get('#login-button').click(); // Assert that the user is taken to the Products page\ncy.get('.inventory_item_name').should('be.visible');\ncy.get('.title').contains('Products');\ncy.url().should('contain', 'inventory'); //add items to cart\n_addtocart.default.addToCart();\n_addtocart.default.addToCart2();\ncy.get(_addtocart.default.cartIconNumber).should('have.text', 2); //remove one of  the items\ncy.get('#remove-sauce-labs-bike-light').should('be.visible');\ncy.get('#remove-sauce-labs-bike-light').click();\ncy.get(_addtocart.default.cartIconNumber).should('have.text', 1);",
              "err": {},
              "uuid": "d7e7aaa1-c3f6-4129-b00b-d19cd5d95057",
              "parentUUID": "009d6abb-c968-410f-a11b-032d7e1e1271",
              "isHook": false,
              "skipped": false
            },
            {
              "title": "Remove item from Cart",
              "fullTitle": "Remove Items from Cart and Product Page Remove item from Cart",
              "timedOut": null,
              "duration": 2164,
              "state": "passed",
              "speed": "fast",
              "pass": true,
              "fail": false,
              "pending": false,
              "context": null,
              "code": "// login with valid user\ncy.get('#user-name').type('standard_user');\ncy.get('#password').type('secret_sauce');\ncy.get('#login-button').click(); // Assert that the user is taken to the Products page\ncy.get('.inventory_item_name').should('be.visible');\ncy.get('.title').contains('Products');\ncy.url().should('contain', 'inventory'); //add items to cart\n_addtocart.default.addToCart();\n_addtocart.default.addToCart2();\ncy.get(_addtocart.default.cartIconNumber).should('have.text', 2); //Navigate to cart and remove items\ncy.get(_addtocart.default.cartIcon).should('be.visible');\ncy.get(_addtocart.default.cartIcon).click();\n_remove.default.removeItems();",
              "err": {},
              "uuid": "9bf29aa1-846b-47d3-a79e-dbc184c2a656",
              "parentUUID": "009d6abb-c968-410f-a11b-032d7e1e1271",
              "isHook": false,
              "skipped": false
            }
          ],
          "suites": [],
          "passes": [
            "d7e7aaa1-c3f6-4129-b00b-d19cd5d95057",
            "9bf29aa1-846b-47d3-a79e-dbc184c2a656"
          ],
          "failures": [],
          "pending": [],
          "skipped": [],
          "duration": 4404,
          "root": false,
          "rootEmpty": false,
          "_timeout": 2000
        }
      ],
      "passes": [],
      "failures": [],
      "pending": [],
      "skipped": [],
      "duration": 0,
      "root": true,
      "rootEmpty": true,
      "_timeout": 2000
    }
  ],
  "meta": {
    "mocha": {
      "version": "7.0.1"
    },
    "mochawesome": {
      "options": {
        "quiet": false,
        "reportFilename": "mochawesome",
        "saveHtml": false,
        "saveJson": true,
        "consoleReporter": "spec",
        "useInlineDiffs": false,
        "code": true
      },
      "version": "7.1.3"
    },
    "marge": {
      "options": {
        "reportDir": "cypress/reports",
        "overwrite": false,
        "html": false,
        "json": true
      },
      "version": "6.2.0"
    }
  }
}