{
  "stats": {
    "suites": 1,
    "tests": 4,
    "passes": 4,
    "pending": 0,
    "failures": 0,
    "start": "2022-12-02T02:52:36.939Z",
    "end": "2022-12-02T02:52:46.727Z",
    "duration": 9788,
    "testsRegistered": 4,
    "passPercent": 100,
    "pendingPercent": 0,
    "other": 0,
    "hasOther": false,
    "skipped": 0,
    "hasSkipped": false
  },
  "results": [
    {
      "uuid": "7f4ae6bf-2cc0-401f-91c6-488c751cbebe",
      "title": "",
      "fullFile": "cypress\\e2e\\test\\datadriven.cy.js",
      "file": "cypress\\e2e\\test\\datadriven.cy.js",
      "beforeHooks": [],
      "afterHooks": [],
      "tests": [],
      "suites": [
        {
          "uuid": "7c9d20e1-0ce2-4542-a592-ce4ee718d68c",
          "title": "Log In",
          "fullFile": "",
          "file": "",
          "beforeHooks": [],
          "afterHooks": [],
          "tests": [
            {
              "title": "Login with a valid user",
              "fullTitle": "Log In Login with a valid user",
              "timedOut": null,
              "duration": 1212,
              "state": "passed",
              "speed": "fast",
              "pass": true,
              "fail": false,
              "pending": false,
              "context": null,
              "code": "// Enter username & password then click the login button\ncy.get('#user-name').type(_users.default.valid.username);\ncy.get('#password').type(_users.default.valid.password);\ncy.get('#login-button').click();",
              "err": {},
              "uuid": "0fd5ff72-8a76-4e00-a3d5-e4da0f2db5c2",
              "parentUUID": "7c9d20e1-0ce2-4542-a592-ce4ee718d68c",
              "isHook": false,
              "skipped": false
            },
            {
              "title": "Login with a locked out user",
              "fullTitle": "Log In Login with a locked out user",
              "timedOut": null,
              "duration": 1138,
              "state": "passed",
              "speed": "fast",
              "pass": true,
              "fail": false,
              "pending": false,
              "context": null,
              "code": "// Enter username & password then click the login button\ncy.get('#user-name').type(_users.default.lockedOutUser.username);\ncy.get('#password').type(_users.default.lockedOutUser.password);\ncy.get('#login-button').click();\ncy.get(' h3[data-test=\"error\"]');",
              "err": {},
              "uuid": "079e7c9d-cbed-4d10-8c70-e45fcf513819",
              "parentUUID": "7c9d20e1-0ce2-4542-a592-ce4ee718d68c",
              "isHook": false,
              "skipped": false
            },
            {
              "title": "Login with a problem user",
              "fullTitle": "Log In Login with a problem user",
              "timedOut": null,
              "duration": 979,
              "state": "passed",
              "speed": "fast",
              "pass": true,
              "fail": false,
              "pending": false,
              "context": null,
              "code": "// Enter username & password then click the login button\ncy.get('#user-name').type(_users.default.problemUser.username);\ncy.get('#password').type(_users.default.problemUser.password);\ncy.get('#login-button').click();",
              "err": {},
              "uuid": "ea0eed6d-0476-4857-8284-040bd843a5d3",
              "parentUUID": "7c9d20e1-0ce2-4542-a592-ce4ee718d68c",
              "isHook": false,
              "skipped": false
            },
            {
              "title": "Login with a performance glitch user",
              "fullTitle": "Log In Login with a performance glitch user",
              "timedOut": null,
              "duration": 6342,
              "state": "passed",
              "speed": "medium",
              "pass": true,
              "fail": false,
              "pending": false,
              "context": null,
              "code": "// Enter username & password then click the login button\ncy.get('#user-name').type(_users.default.performanceGlitchUSer.username);\ncy.get('#password').type(_users.default.performanceGlitchUSer.password);\ncy.get('#login-button').click();",
              "err": {},
              "uuid": "65c4a12f-9126-4b2b-997b-07cf3cd32894",
              "parentUUID": "7c9d20e1-0ce2-4542-a592-ce4ee718d68c",
              "isHook": false,
              "skipped": false
            }
          ],
          "suites": [],
          "passes": [
            "0fd5ff72-8a76-4e00-a3d5-e4da0f2db5c2",
            "079e7c9d-cbed-4d10-8c70-e45fcf513819",
            "ea0eed6d-0476-4857-8284-040bd843a5d3",
            "65c4a12f-9126-4b2b-997b-07cf3cd32894"
          ],
          "failures": [],
          "pending": [],
          "skipped": [],
          "duration": 9671,
          "root": false,
          "rootEmpty": false,
          "_timeout": 2000
        }
      ],
      "passes": [],
      "failures": [],
      "pending": [],
      "skipped": [],
      "duration": 0,
      "root": true,
      "rootEmpty": true,
      "_timeout": 2000
    }
  ],
  "meta": {
    "mocha": {
      "version": "7.0.1"
    },
    "mochawesome": {
      "options": {
        "quiet": false,
        "reportFilename": "mochawesome",
        "saveHtml": false,
        "saveJson": true,
        "consoleReporter": "spec",
        "useInlineDiffs": false,
        "code": true
      },
      "version": "7.1.3"
    },
    "marge": {
      "options": {
        "reportDir": "cypress/reports",
        "overwrite": false,
        "html": false,
        "json": true
      },
      "version": "6.2.0"
    }
  }
}