{
  "stats": {
    "suites": 1,
    "tests": 4,
    "passes": 4,
    "pending": 0,
    "failures": 0,
    "start": "2022-12-02T02:57:09.616Z",
    "end": "2022-12-02T02:57:21.070Z",
    "duration": 11454,
    "testsRegistered": 4,
    "passPercent": 100,
    "pendingPercent": 0,
    "other": 0,
    "hasOther": false,
    "skipped": 0,
    "hasSkipped": false
  },
  "results": [
    {
      "uuid": "36e7d3f4-41f1-4bab-87f7-7649decde2fb",
      "title": "",
      "fullFile": "cypress\\e2e\\test\\datadriven.cy.js",
      "file": "cypress\\e2e\\test\\datadriven.cy.js",
      "beforeHooks": [],
      "afterHooks": [],
      "tests": [],
      "suites": [
        {
          "uuid": "2b211b70-9177-4ed0-aca3-23b7b15f5bae",
          "title": "Log In",
          "fullFile": "",
          "file": "",
          "beforeHooks": [],
          "afterHooks": [],
          "tests": [
            {
              "title": "Login with a valid user",
              "fullTitle": "Log In Login with a valid user",
              "timedOut": null,
              "duration": 2059,
              "state": "passed",
              "speed": "fast",
              "pass": true,
              "fail": false,
              "pending": false,
              "context": null,
              "code": "// Enter username & password then click the login button\ncy.get('#user-name').type(_users.default.valid.username);\ncy.get('#password').type(_users.default.valid.password);\ncy.get('#login-button').click();",
              "err": {},
              "uuid": "6cfe7714-7916-40d2-8670-6ed4967ea910",
              "parentUUID": "2b211b70-9177-4ed0-aca3-23b7b15f5bae",
              "isHook": false,
              "skipped": false
            },
            {
              "title": "Login with a locked out user",
              "fullTitle": "Log In Login with a locked out user",
              "timedOut": null,
              "duration": 1365,
              "state": "passed",
              "speed": "fast",
              "pass": true,
              "fail": false,
              "pending": false,
              "context": null,
              "code": "// Enter username & password then click the login button\ncy.get('#user-name').type(_users.default.lockedOutUser.username);\ncy.get('#password').type(_users.default.lockedOutUser.password);\ncy.get('#login-button').click();\ncy.get(' h3[data-test=\"error\"]');",
              "err": {},
              "uuid": "631519f4-ece1-4fae-b494-8cc5d45129ba",
              "parentUUID": "2b211b70-9177-4ed0-aca3-23b7b15f5bae",
              "isHook": false,
              "skipped": false
            },
            {
              "title": "Login with a problem user",
              "fullTitle": "Log In Login with a problem user",
              "timedOut": null,
              "duration": 1399,
              "state": "passed",
              "speed": "fast",
              "pass": true,
              "fail": false,
              "pending": false,
              "context": null,
              "code": "// Enter username & password then click the login button\ncy.get('#user-name').type(_users.default.problemUser.username);\ncy.get('#password').type(_users.default.problemUser.password);\ncy.get('#login-button').click();",
              "err": {},
              "uuid": "01f89c73-f636-456c-bf6a-290380f9d2e0",
              "parentUUID": "2b211b70-9177-4ed0-aca3-23b7b15f5bae",
              "isHook": false,
              "skipped": false
            },
            {
              "title": "Login with a performance glitch user",
              "fullTitle": "Log In Login with a performance glitch user",
              "timedOut": null,
              "duration": 6504,
              "state": "passed",
              "speed": "medium",
              "pass": true,
              "fail": false,
              "pending": false,
              "context": null,
              "code": "// Enter username & password then click the login button\ncy.get('#user-name').type(_users.default.performanceGlitchUSer.username);\ncy.get('#password').type(_users.default.performanceGlitchUSer.password);\ncy.get('#login-button').click();",
              "err": {},
              "uuid": "0059ac3b-8660-42dc-8329-218f76344309",
              "parentUUID": "2b211b70-9177-4ed0-aca3-23b7b15f5bae",
              "isHook": false,
              "skipped": false
            }
          ],
          "suites": [],
          "passes": [
            "6cfe7714-7916-40d2-8670-6ed4967ea910",
            "631519f4-ece1-4fae-b494-8cc5d45129ba",
            "01f89c73-f636-456c-bf6a-290380f9d2e0",
            "0059ac3b-8660-42dc-8329-218f76344309"
          ],
          "failures": [],
          "pending": [],
          "skipped": [],
          "duration": 11327,
          "root": false,
          "rootEmpty": false,
          "_timeout": 2000
        }
      ],
      "passes": [],
      "failures": [],
      "pending": [],
      "skipped": [],
      "duration": 0,
      "root": true,
      "rootEmpty": true,
      "_timeout": 2000
    }
  ],
  "meta": {
    "mocha": {
      "version": "7.0.1"
    },
    "mochawesome": {
      "options": {
        "quiet": false,
        "reportFilename": "mochawesome",
        "saveHtml": false,
        "saveJson": true,
        "consoleReporter": "spec",
        "useInlineDiffs": false,
        "code": true
      },
      "version": "7.1.3"
    },
    "marge": {
      "options": {
        "reportDir": "cypress/reports",
        "overwrite": false,
        "html": false,
        "json": true
      },
      "version": "6.2.0"
    }
  }
}