{
  "stats": {
    "suites": 1,
    "tests": 2,
    "passes": 2,
    "pending": 0,
    "failures": 0,
    "start": "2022-12-03T04:09:46.437Z",
    "end": "2022-12-03T04:09:59.811Z",
    "duration": 13374,
    "testsRegistered": 2,
    "passPercent": 100,
    "pendingPercent": 0,
    "other": 0,
    "hasOther": false,
    "skipped": 0,
    "hasSkipped": false
  },
  "results": [
    {
      "uuid": "38b951ff-82bd-4fcb-a7ea-072dce19277d",
      "title": "",
      "fullFile": "cypress\\e2e\\test\\checkout.cy.js",
      "file": "cypress\\e2e\\test\\checkout.cy.js",
      "beforeHooks": [],
      "afterHooks": [],
      "tests": [],
      "suites": [
        {
          "uuid": "a0784caf-95b4-46a6-b3e3-3d13ca5a8cc3",
          "title": "Checkout Flow",
          "fullFile": "",
          "file": "",
          "beforeHooks": [],
          "afterHooks": [],
          "tests": [
            {
              "title": "Checkout a single product",
              "fullTitle": "Checkout Flow Checkout a single product",
              "timedOut": null,
              "duration": 5784,
              "state": "passed",
              "speed": "medium",
              "pass": true,
              "fail": false,
              "pending": false,
              "context": null,
              "code": "// login with valid user\ncy.get('#user-name').type('standard_user');\ncy.get('#password').type('secret_sauce');\ncy.get('#login-button').click(); // Assert that the user is taken to the Products page\ncy.get('.inventory_item_name').should('be.visible');\ncy.get('.title').contains('Products');\ncy.url().should('contain', 'inventory'); //add an item to cart\n_addtocart.default.addToCart();\ncy.get(_addtocart.default.cartIconNumber).should('have.text', 1); //Navigate to the cart\ncy.get(_addtocart.default.cartIcon).should('be.visible');\ncy.get(_addtocart.default.cartIcon).click();\ncy.get('.inventory_item_name').should('have.text', 'Sauce Labs Bolt T-Shirt');\ncy.get('.inventory_item_price').should('have.text', '$15.99'); //checkout a single product\ncy.get(_addtocart.default.checkoutBtn).should('be.visible');\ncy.get(_addtocart.default.checkoutBtn).click();\n_addtocart.default.checkOutInfo();\ncy.get(_addtocart.default.ctnBtn).should('be.visible');\ncy.get(_addtocart.default.ctnBtn).click(); //Verify Information\ncy.get('.inventory_item_name').should('have.text', 'Sauce Labs Bolt T-Shirt');\ncy.get('.inventory_item_price').should('have.text', '$15.99'); //Complete process\ncy.get(_addtocart.default.finish).should('be.visible');\ncy.get(_addtocart.default.finish).click();\ncy.get(_addtocart.default.completeBanner).should('have.text', 'THANK YOU FOR YOUR ORDER');",
              "err": {},
              "uuid": "114c6b1c-f6d4-4a61-943b-41d7dffefdf9",
              "parentUUID": "a0784caf-95b4-46a6-b3e3-3d13ca5a8cc3",
              "isHook": false,
              "skipped": false
            },
            {
              "title": "Checkout multiple products",
              "fullTitle": "Checkout Flow Checkout multiple products",
              "timedOut": null,
              "duration": 7267,
              "state": "passed",
              "speed": "medium",
              "pass": true,
              "fail": false,
              "pending": false,
              "context": null,
              "code": "// login with valid user\ncy.get('#user-name').type('standard_user');\ncy.get('#password').type('secret_sauce');\ncy.get('#login-button').click(); // Assert that the user is taken to the Products page\ncy.get('.inventory_item_name').should('be.visible');\ncy.get('.title').contains('Products');\ncy.url().should('contain', 'inventory'); //add an item to cart\n_addtocart.default.addToCart();\n_addtocart.default.addToCart2();\ncy.get(_addtocart.default.cartIconNumber).should('have.text', 2); //Navigate to the cart\ncy.get(_addtocart.default.cartIcon).should('be.visible');\ncy.get(_addtocart.default.cartIcon).click(); // cy.get('.inventory_item_name').should('have.text', 'Sauce Labs Bolt T-Shirt')\n// cy.get('.inventory_item_price').should('have.text', '$15.99')\n// cy.get('.inventory_item_name').should('have.text', 'Sauce Labs Bike Light')\n// cy.get('.inventory_item_price').should('have.text', '$9.99')\n//checkout a single product\ncy.get(_addtocart.default.checkoutBtn).should('be.visible');\ncy.get(_addtocart.default.checkoutBtn).click();\n_addtocart.default.checkOutInfo();\ncy.get(_addtocart.default.ctnBtn).should('be.visible');\ncy.get(_addtocart.default.ctnBtn).click(); //Verify Information\ncy.get('#item_1_title_link').should('have.text', 'Sauce Labs Bolt T-Shirt');\ncy.get('div:nth-child(3) div:nth-child(2) > div:nth-child(3) > div:nth-child(1)').should('have.text', '$15.99');\ncy.get('a[id=\"item_0_title_link\"]').should('have.text', 'Sauce Labs Bike Light');\ncy.get('div:nth-child(4) > div:nth-child(2) > div:nth-child(3) > div:nth-child(1)').should('have.text', '$9.99'); //Complete process\ncy.get(_addtocart.default.finish).should('be.visible');\ncy.get(_addtocart.default.finish).click();\ncy.get(_addtocart.default.completeBanner).should('have.text', 'THANK YOU FOR YOUR ORDER');",
              "err": {},
              "uuid": "f00ae863-fe3f-45c3-86a6-caeb15e7ec14",
              "parentUUID": "a0784caf-95b4-46a6-b3e3-3d13ca5a8cc3",
              "isHook": false,
              "skipped": false
            }
          ],
          "suites": [],
          "passes": [
            "114c6b1c-f6d4-4a61-943b-41d7dffefdf9",
            "f00ae863-fe3f-45c3-86a6-caeb15e7ec14"
          ],
          "failures": [],
          "pending": [],
          "skipped": [],
          "duration": 13051,
          "root": false,
          "rootEmpty": false,
          "_timeout": 2000
        }
      ],
      "passes": [],
      "failures": [],
      "pending": [],
      "skipped": [],
      "duration": 0,
      "root": true,
      "rootEmpty": true,
      "_timeout": 2000
    }
  ],
  "meta": {
    "mocha": {
      "version": "7.0.1"
    },
    "mochawesome": {
      "options": {
        "quiet": false,
        "reportFilename": "mochawesome",
        "saveHtml": false,
        "saveJson": true,
        "consoleReporter": "spec",
        "useInlineDiffs": false,
        "code": true
      },
      "version": "7.1.3"
    },
    "marge": {
      "options": {
        "reportDir": "cypress/reports",
        "overwrite": false,
        "html": false,
        "json": true
      },
      "version": "6.2.0"
    }
  }
}