{
  "stats": {
    "suites": 1,
    "tests": 2,
    "passes": 2,
    "pending": 0,
    "failures": 0,
    "start": "2022-12-02T03:04:07.401Z",
    "end": "2022-12-02T03:04:12.083Z",
    "duration": 4682,
    "testsRegistered": 2,
    "passPercent": 100,
    "pendingPercent": 0,
    "other": 0,
    "hasOther": false,
    "skipped": 0,
    "hasSkipped": false
  },
  "results": [
    {
      "uuid": "bcbbc752-184f-4b69-9b82-e483ff3bc258",
      "title": "",
      "fullFile": "cypress\\e2e\\test\\sort.cy.js",
      "file": "cypress\\e2e\\test\\sort.cy.js",
      "beforeHooks": [],
      "afterHooks": [],
      "tests": [],
      "suites": [
        {
          "uuid": "672b07b0-db05-43e9-bfbc-329519b1cc3b",
          "title": "Sort By Price",
          "fullFile": "",
          "file": "",
          "beforeHooks": [],
          "afterHooks": [],
          "tests": [
            {
              "title": "should sort product prices from high to low",
              "fullTitle": "Sort By Price should sort product prices from high to low",
              "timedOut": null,
              "duration": 2360,
              "state": "passed",
              "speed": "fast",
              "pass": true,
              "fail": false,
              "pending": false,
              "context": null,
              "code": "//login with a valid user\ncy.get('#user-name').type('standard_user');\ncy.get('#password').type('secret_sauce');\ncy.get('#login-button').click(); //sort from high to low\ncy.get('.product_sort_container').select('hilo');\nvar priceList = ['$15.99', '$29.99', '$15.99', '$49.99', '$9.99', '$7.99'];\npriceList.sort();\ncy.get('.inventory_item_price').each(($elem, index) => {//     expect($elem.text()).equal(priceList[index])\n});",
              "err": {},
              "uuid": "f7345fd3-b16e-4102-b625-0a54e08da83b",
              "parentUUID": "672b07b0-db05-43e9-bfbc-329519b1cc3b",
              "isHook": false,
              "skipped": false
            },
            {
              "title": "should sort product prices from low to high",
              "fullTitle": "Sort By Price should sort product prices from low to high",
              "timedOut": null,
              "duration": 2220,
              "state": "passed",
              "speed": "fast",
              "pass": true,
              "fail": false,
              "pending": false,
              "context": null,
              "code": "//login with a valid user\ncy.get('#user-name').type('standard_user');\ncy.get('#password').type('secret_sauce');\ncy.get('#login-button').click(); //sort low to high\ncy.get('.product_sort_container').select('lohi');\nvar productPrice = ['$49.99', '$29.99', '$15.99', '$15.99', '$9.99', '$7.99'];\nproductPrice.sort().reverse();\ncy.get('.inventory_item_price').each(($elem, index) => {// expect($elem.text()).equal(productPrice[index])\n});",
              "err": {},
              "uuid": "e72bd597-f1aa-4d5b-a802-7fe43afdc165",
              "parentUUID": "672b07b0-db05-43e9-bfbc-329519b1cc3b",
              "isHook": false,
              "skipped": false
            }
          ],
          "suites": [],
          "passes": [
            "f7345fd3-b16e-4102-b625-0a54e08da83b",
            "e72bd597-f1aa-4d5b-a802-7fe43afdc165"
          ],
          "failures": [],
          "pending": [],
          "skipped": [],
          "duration": 4580,
          "root": false,
          "rootEmpty": false,
          "_timeout": 2000
        }
      ],
      "passes": [],
      "failures": [],
      "pending": [],
      "skipped": [],
      "duration": 0,
      "root": true,
      "rootEmpty": true,
      "_timeout": 2000
    }
  ],
  "meta": {
    "mocha": {
      "version": "7.0.1"
    },
    "mochawesome": {
      "options": {
        "quiet": false,
        "reportFilename": "mochawesome",
        "saveHtml": false,
        "saveJson": true,
        "consoleReporter": "spec",
        "useInlineDiffs": false,
        "code": true
      },
      "version": "7.1.3"
    },
    "marge": {
      "options": {
        "reportDir": "cypress/reports",
        "overwrite": false,
        "html": false,
        "json": true
      },
      "version": "6.2.0"
    }
  }
}