{
  "stats": {
    "suites": 1,
    "tests": 2,
    "passes": 2,
    "pending": 0,
    "failures": 0,
    "start": "2022-12-02T02:53:04.240Z",
    "end": "2022-12-02T02:53:07.606Z",
    "duration": 3366,
    "testsRegistered": 2,
    "passPercent": 100,
    "pendingPercent": 0,
    "other": 0,
    "hasOther": false,
    "skipped": 0,
    "hasSkipped": false
  },
  "results": [
    {
      "uuid": "db481d37-4f80-41b9-9737-39d9f578a195",
      "title": "",
      "fullFile": "cypress\\e2e\\test\\remove.cy.js",
      "file": "cypress\\e2e\\test\\remove.cy.js",
      "beforeHooks": [],
      "afterHooks": [],
      "tests": [],
      "suites": [
        {
          "uuid": "268a71a6-f2e5-47d1-a0eb-4c1ffed0e7e4",
          "title": "Remove Items from Cart and Product Page",
          "fullFile": "",
          "file": "",
          "beforeHooks": [],
          "afterHooks": [],
          "tests": [
            {
              "title": "Remove item from Product page",
              "fullTitle": "Remove Items from Cart and Product Page Remove item from Product page",
              "timedOut": null,
              "duration": 1542,
              "state": "passed",
              "speed": "fast",
              "pass": true,
              "fail": false,
              "pending": false,
              "context": null,
              "code": "// login with valid user\ncy.get('#user-name').type('standard_user');\ncy.get('#password').type('secret_sauce');\ncy.get('#login-button').click(); // Assert that the user is taken to the Products page\ncy.get('.inventory_item_name').should('be.visible');\ncy.get('.title').contains('Products');\ncy.url().should('contain', 'inventory'); //add items to cart\n_addtocart.default.addToCart();\n_addtocart.default.addToCart2();\ncy.get(_addtocart.default.cartIconNumber).should('have.text', 2); //remove one of  the items\ncy.get('#remove-sauce-labs-bike-light').should('be.visible');\ncy.get('#remove-sauce-labs-bike-light').click();\ncy.get(_addtocart.default.cartIconNumber).should('have.text', 1);",
              "err": {},
              "uuid": "13860b1e-b8a2-423b-8386-d1da96f4cfb2",
              "parentUUID": "268a71a6-f2e5-47d1-a0eb-4c1ffed0e7e4",
              "isHook": false,
              "skipped": false
            },
            {
              "title": "Remove item from Cart",
              "fullTitle": "Remove Items from Cart and Product Page Remove item from Cart",
              "timedOut": null,
              "duration": 1777,
              "state": "passed",
              "speed": "fast",
              "pass": true,
              "fail": false,
              "pending": false,
              "context": null,
              "code": "// login with valid user\ncy.get('#user-name').type('standard_user');\ncy.get('#password').type('secret_sauce');\ncy.get('#login-button').click(); // Assert that the user is taken to the Products page\ncy.get('.inventory_item_name').should('be.visible');\ncy.get('.title').contains('Products');\ncy.url().should('contain', 'inventory'); //add items to cart\n_addtocart.default.addToCart();\n_addtocart.default.addToCart2();\ncy.get(_addtocart.default.cartIconNumber).should('have.text', 2); //Navigate to cart and remove items\ncy.get(_addtocart.default.cartIcon).should('be.visible');\ncy.get(_addtocart.default.cartIcon).click();\n_remove.default.removeItems();",
              "err": {},
              "uuid": "7c745947-3b80-45bc-b3f5-9a9f437249b0",
              "parentUUID": "268a71a6-f2e5-47d1-a0eb-4c1ffed0e7e4",
              "isHook": false,
              "skipped": false
            }
          ],
          "suites": [],
          "passes": [
            "13860b1e-b8a2-423b-8386-d1da96f4cfb2",
            "7c745947-3b80-45bc-b3f5-9a9f437249b0"
          ],
          "failures": [],
          "pending": [],
          "skipped": [],
          "duration": 3319,
          "root": false,
          "rootEmpty": false,
          "_timeout": 2000
        }
      ],
      "passes": [],
      "failures": [],
      "pending": [],
      "skipped": [],
      "duration": 0,
      "root": true,
      "rootEmpty": true,
      "_timeout": 2000
    }
  ],
  "meta": {
    "mocha": {
      "version": "7.0.1"
    },
    "mochawesome": {
      "options": {
        "quiet": false,
        "reportFilename": "mochawesome",
        "saveHtml": false,
        "saveJson": true,
        "consoleReporter": "spec",
        "useInlineDiffs": false,
        "code": true
      },
      "version": "7.1.3"
    },
    "marge": {
      "options": {
        "reportDir": "cypress/reports",
        "overwrite": false,
        "html": false,
        "json": true
      },
      "version": "6.2.0"
    }
  }
}