{
  "stats": {
    "suites": 1,
    "tests": 2,
    "passes": 2,
    "pending": 0,
    "failures": 0,
    "start": "2022-12-02T03:11:52.342Z",
    "end": "2022-12-02T03:12:10.017Z",
    "duration": 17675,
    "testsRegistered": 2,
    "passPercent": 100,
    "pendingPercent": 0,
    "other": 0,
    "hasOther": false,
    "skipped": 0,
    "hasSkipped": false
  },
  "results": [
    {
      "uuid": "e4c8ee71-405c-4678-a987-69dc8bf6ba0b",
      "title": "",
      "fullFile": "cypress\\e2e\\test\\negativetests.cy.js",
      "file": "cypress\\e2e\\test\\negativetests.cy.js",
      "beforeHooks": [],
      "afterHooks": [],
      "tests": [],
      "suites": [
        {
          "uuid": "80e98dd3-bee6-4c43-ae14-8a6254bf0531",
          "title": "Negative Testing",
          "fullFile": "",
          "file": "",
          "beforeHooks": [],
          "afterHooks": [],
          "tests": [
            {
              "title": "Omit information in checkout",
              "fullTitle": "Negative Testing Omit information in checkout",
              "timedOut": null,
              "duration": 5635,
              "state": "passed",
              "speed": "medium",
              "pass": true,
              "fail": false,
              "pending": false,
              "context": null,
              "code": "// login with valid user\ncy.get('#user-name').type('standard_user');\ncy.get('#password').type('secret_sauce');\ncy.get('#login-button').click(); // Assert that the user is taken to the Products page\ncy.get('.inventory_item_name').should('be.visible');\ncy.get('.title').contains('Products');\ncy.url().should('contain', 'inventory'); //add items to cart\n_addtocart.default.addToCart();\n_addtocart.default.addToCart2();\ncy.get(_addtocart.default.cartIconNumber).should('have.text', 2); //Navigate to cart and remove items\ncy.get(_addtocart.default.cartIcon).should('be.visible');\ncy.get(_addtocart.default.cartIcon).click(); //Checkout empty cart\ncy.get(_addtocart.default.checkoutBtn).should('be.visible');\ncy.get(_addtocart.default.checkoutBtn).click();\ncy.get('#first-name').type('Jamal');\ncy.get('#postal-code').type(1539);\ncy.get(_addtocart.default.ctnBtn).should('be.visible');\ncy.get(_addtocart.default.ctnBtn).click();\ncy.get('h3[data-test=\"error\"]').should('be.visible');",
              "err": {},
              "uuid": "c9f2cf9e-2448-49bd-aef8-30c1b2db3abe",
              "parentUUID": "80e98dd3-bee6-4c43-ae14-8a6254bf0531",
              "isHook": false,
              "skipped": false
            },
            {
              "title": "Login with the incorrect password",
              "fullTitle": "Negative Testing Login with the incorrect password",
              "timedOut": null,
              "duration": 11853,
              "state": "passed",
              "speed": "slow",
              "pass": true,
              "fail": false,
              "pending": false,
              "context": null,
              "code": "// login with valid user\ncy.get('#user-name').type('standard_user');\ncy.get('#password').type('password');\ncy.get('#login-button').click();\ncy.get('h3[data-test=\"error\"]').should('be.visible');",
              "err": {},
              "uuid": "2ab5d35e-8102-4fbc-adb9-c5b89ea2785c",
              "parentUUID": "80e98dd3-bee6-4c43-ae14-8a6254bf0531",
              "isHook": false,
              "skipped": false
            }
          ],
          "suites": [],
          "passes": [
            "c9f2cf9e-2448-49bd-aef8-30c1b2db3abe",
            "2ab5d35e-8102-4fbc-adb9-c5b89ea2785c"
          ],
          "failures": [],
          "pending": [],
          "skipped": [],
          "duration": 17488,
          "root": false,
          "rootEmpty": false,
          "_timeout": 2000
        }
      ],
      "passes": [],
      "failures": [],
      "pending": [],
      "skipped": [],
      "duration": 0,
      "root": true,
      "rootEmpty": true,
      "_timeout": 2000
    }
  ],
  "meta": {
    "mocha": {
      "version": "7.0.1"
    },
    "mochawesome": {
      "options": {
        "quiet": false,
        "reportFilename": "mochawesome",
        "saveHtml": false,
        "saveJson": true,
        "consoleReporter": "spec",
        "useInlineDiffs": false,
        "code": true
      },
      "version": "7.1.3"
    },
    "marge": {
      "options": {
        "reportDir": "cypress/reports",
        "overwrite": false,
        "html": false,
        "json": true
      },
      "version": "6.2.0"
    }
  }
}