{
  "stats": {
    "suites": 1,
    "tests": 4,
    "passes": 4,
    "pending": 0,
    "failures": 0,
    "start": "2022-11-29T01:11:26.847Z",
    "end": "2022-11-29T01:11:39.969Z",
    "duration": 13122,
    "testsRegistered": 4,
    "passPercent": 100,
    "pendingPercent": 0,
    "other": 0,
    "hasOther": false,
    "skipped": 0,
    "hasSkipped": false
  },
  "results": [
    {
      "uuid": "c8ee5fb1-8644-4bb4-9ef4-02648b511319",
      "title": "",
      "fullFile": "cypress\\e2e\\test\\datadriven.cy.js",
      "file": "cypress\\e2e\\test\\datadriven.cy.js",
      "beforeHooks": [],
      "afterHooks": [],
      "tests": [],
      "suites": [
        {
          "uuid": "b9eaa611-9f51-4e6a-9000-f8b0cd6af515",
          "title": "Log In",
          "fullFile": "",
          "file": "",
          "beforeHooks": [],
          "afterHooks": [],
          "tests": [
            {
              "title": "Login with a valid user",
              "fullTitle": "Log In Login with a valid user",
              "timedOut": null,
              "duration": 2908,
              "state": "passed",
              "speed": "fast",
              "pass": true,
              "fail": false,
              "pending": false,
              "context": null,
              "code": "// Enter username & password then click the login button\ncy.get('#user-name').type(_users.default.valid.username);\ncy.get('#password').type(_users.default.valid.password);\ncy.get('#login-button').click();",
              "err": {},
              "uuid": "dc72aabf-2216-4484-87ab-c9c5b66f2fde",
              "parentUUID": "b9eaa611-9f51-4e6a-9000-f8b0cd6af515",
              "isHook": false,
              "skipped": false
            },
            {
              "title": "Login with a locked out user",
              "fullTitle": "Log In Login with a locked out user",
              "timedOut": null,
              "duration": 1970,
              "state": "passed",
              "speed": "fast",
              "pass": true,
              "fail": false,
              "pending": false,
              "context": null,
              "code": "// Enter username & password then click the login button\ncy.get('#user-name').type(_users.default.lockedOutUser.username);\ncy.get('#password').type(_users.default.lockedOutUser.password);\ncy.get('#login-button').click();\ncy.get(' h3[data-test=\"error\"]');",
              "err": {},
              "uuid": "898ad839-c226-4f99-9f29-d66ed4952084",
              "parentUUID": "b9eaa611-9f51-4e6a-9000-f8b0cd6af515",
              "isHook": false,
              "skipped": false
            },
            {
              "title": "Login with a problem user",
              "fullTitle": "Log In Login with a problem user",
              "timedOut": null,
              "duration": 1221,
              "state": "passed",
              "speed": "fast",
              "pass": true,
              "fail": false,
              "pending": false,
              "context": null,
              "code": "// Enter username & password then click the login button\ncy.get('#user-name').type(_users.default.problemUser.username);\ncy.get('#password').type(_users.default.problemUser.password);\ncy.get('#login-button').click();",
              "err": {},
              "uuid": "9d34b970-a506-4fe8-9993-94b5a70fb450",
              "parentUUID": "b9eaa611-9f51-4e6a-9000-f8b0cd6af515",
              "isHook": false,
              "skipped": false
            },
            {
              "title": "Login with a performance glitch user",
              "fullTitle": "Log In Login with a performance glitch user",
              "timedOut": null,
              "duration": 6916,
              "state": "passed",
              "speed": "medium",
              "pass": true,
              "fail": false,
              "pending": false,
              "context": null,
              "code": "// Enter username & password then click the login button\ncy.get('#user-name').type(_users.default.performanceGlitchUSer.username);\ncy.get('#password').type(_users.default.performanceGlitchUSer.password);\ncy.get('#login-button').click();",
              "err": {},
              "uuid": "98f01387-8501-4684-9631-49af4f9142a3",
              "parentUUID": "b9eaa611-9f51-4e6a-9000-f8b0cd6af515",
              "isHook": false,
              "skipped": false
            }
          ],
          "suites": [],
          "passes": [
            "dc72aabf-2216-4484-87ab-c9c5b66f2fde",
            "898ad839-c226-4f99-9f29-d66ed4952084",
            "9d34b970-a506-4fe8-9993-94b5a70fb450",
            "98f01387-8501-4684-9631-49af4f9142a3"
          ],
          "failures": [],
          "pending": [],
          "skipped": [],
          "duration": 13015,
          "root": false,
          "rootEmpty": false,
          "_timeout": 2000
        }
      ],
      "passes": [],
      "failures": [],
      "pending": [],
      "skipped": [],
      "duration": 0,
      "root": true,
      "rootEmpty": true,
      "_timeout": 2000
    }
  ],
  "meta": {
    "mocha": {
      "version": "7.0.1"
    },
    "mochawesome": {
      "options": {
        "quiet": false,
        "reportFilename": "mochawesome",
        "saveHtml": false,
        "saveJson": true,
        "consoleReporter": "spec",
        "useInlineDiffs": false,
        "code": true
      },
      "version": "7.1.3"
    },
    "marge": {
      "options": {
        "reportDir": "cypress/reports",
        "overwrite": false,
        "html": false,
        "json": true
      },
      "version": "6.2.0"
    }
  }
}