{
  "stats": {
    "suites": 1,
    "tests": 2,
    "passes": 2,
    "pending": 0,
    "failures": 0,
    "start": "2022-12-02T03:13:59.718Z",
    "end": "2022-12-02T03:14:03.013Z",
    "duration": 3295,
    "testsRegistered": 2,
    "passPercent": 100,
    "pendingPercent": 0,
    "other": 0,
    "hasOther": false,
    "skipped": 0,
    "hasSkipped": false
  },
  "results": [
    {
      "uuid": "24eedde1-4259-4c24-88d3-f60e2d6d7eb4",
      "title": "",
      "fullFile": "cypress\\e2e\\test\\remove.cy.js",
      "file": "cypress\\e2e\\test\\remove.cy.js",
      "beforeHooks": [],
      "afterHooks": [],
      "tests": [],
      "suites": [
        {
          "uuid": "5dd0959a-1672-4f99-aa14-edf8ffbd9f01",
          "title": "Remove Items from Cart and Product Page",
          "fullFile": "",
          "file": "",
          "beforeHooks": [],
          "afterHooks": [],
          "tests": [
            {
              "title": "Remove item from Product page",
              "fullTitle": "Remove Items from Cart and Product Page Remove item from Product page",
              "timedOut": null,
              "duration": 1553,
              "state": "passed",
              "speed": "fast",
              "pass": true,
              "fail": false,
              "pending": false,
              "context": null,
              "code": "// login with valid user\ncy.get('#user-name').type('standard_user');\ncy.get('#password').type('secret_sauce');\ncy.get('#login-button').click(); // Assert that the user is taken to the Products page\ncy.get('.inventory_item_name').should('be.visible');\ncy.get('.title').contains('Products');\ncy.url().should('contain', 'inventory'); //add items to cart\n_addtocart.default.addToCart();\n_addtocart.default.addToCart2();\ncy.get(_addtocart.default.cartIconNumber).should('have.text', 2); //remove one of  the items\ncy.get('#remove-sauce-labs-bike-light').should('be.visible');\ncy.get('#remove-sauce-labs-bike-light').click();\ncy.get(_addtocart.default.cartIconNumber).should('have.text', 1);",
              "err": {},
              "uuid": "37734813-19e4-465e-ba36-4277883a34aa",
              "parentUUID": "5dd0959a-1672-4f99-aa14-edf8ffbd9f01",
              "isHook": false,
              "skipped": false
            },
            {
              "title": "Remove item from Cart",
              "fullTitle": "Remove Items from Cart and Product Page Remove item from Cart",
              "timedOut": null,
              "duration": 1680,
              "state": "passed",
              "speed": "fast",
              "pass": true,
              "fail": false,
              "pending": false,
              "context": null,
              "code": "// login with valid user\ncy.get('#user-name').type('standard_user');\ncy.get('#password').type('secret_sauce');\ncy.get('#login-button').click(); // Assert that the user is taken to the Products page\ncy.get('.inventory_item_name').should('be.visible');\ncy.get('.title').contains('Products');\ncy.url().should('contain', 'inventory'); //add items to cart\n_addtocart.default.addToCart();\n_addtocart.default.addToCart2();\ncy.get(_addtocart.default.cartIconNumber).should('have.text', 2); //Navigate to cart and remove items\ncy.get(_addtocart.default.cartIcon).should('be.visible');\ncy.get(_addtocart.default.cartIcon).click();\n_remove.default.removeItems();",
              "err": {},
              "uuid": "2af592d5-9e8d-4705-bfa4-c1592c254bf2",
              "parentUUID": "5dd0959a-1672-4f99-aa14-edf8ffbd9f01",
              "isHook": false,
              "skipped": false
            }
          ],
          "suites": [],
          "passes": [
            "37734813-19e4-465e-ba36-4277883a34aa",
            "2af592d5-9e8d-4705-bfa4-c1592c254bf2"
          ],
          "failures": [],
          "pending": [],
          "skipped": [],
          "duration": 3233,
          "root": false,
          "rootEmpty": false,
          "_timeout": 2000
        }
      ],
      "passes": [],
      "failures": [],
      "pending": [],
      "skipped": [],
      "duration": 0,
      "root": true,
      "rootEmpty": true,
      "_timeout": 2000
    }
  ],
  "meta": {
    "mocha": {
      "version": "7.0.1"
    },
    "mochawesome": {
      "options": {
        "quiet": false,
        "reportFilename": "mochawesome",
        "saveHtml": false,
        "saveJson": true,
        "consoleReporter": "spec",
        "useInlineDiffs": false,
        "code": true
      },
      "version": "7.1.3"
    },
    "marge": {
      "options": {
        "reportDir": "cypress/reports",
        "overwrite": false,
        "html": false,
        "json": true
      },
      "version": "6.2.0"
    }
  }
}